<?xml version="1.0" encoding="UTF-8"?>
<testsuite name="br.com.wirecard.desmond.bank.validator.bank.SantanderBankAccountValidatorTest" tests="3" skipped="0" failures="0" errors="0" timestamp="2018-10-09T23:03:40" hostname="Lucas-Queiroz.local" time="0.004">
  <properties/>
  <testcase name="shouldThrowCorrectExceptionWhenAgencyCheckDigitIsEmpty" classname="br.com.wirecard.desmond.bank.validator.bank.SantanderBankAccountValidatorTest" time="0.001"/>
  <testcase name="shouldThrowCorrectExceptionForInvalidAccountCheckDigit" classname="br.com.wirecard.desmond.bank.validator.bank.SantanderBankAccountValidatorTest" time="0.001"/>
  <testcase name="shouldBeTrueForValidAgencyAndAccount" classname="br.com.wirecard.desmond.bank.validator.bank.SantanderBankAccountValidatorTest" time="0.0"/>
  <system-out><![CDATA[]]></system-out>
  <system-err><![CDATA[]]></system-err>
</testsuite>
