<?xml version="1.0" encoding="UTF-8"?>
<testsuite name="br.com.wirecard.desmond.bank.BankAccountTest" tests="6" skipped="0" failures="0" errors="0" timestamp="2018-10-05T21:06:50" hostname="Lucas-Queiroz.local" time="0.003">
  <properties/>
  <testcase name="shouldHaveInvalidAccountLengthForBancoDoBrasil" classname="br.com.wirecard.desmond.bank.BankAccountTest" time="0.001"/>
  <testcase name="shouldBeValidForBancoDoBrasil" classname="br.com.wirecard.desmond.bank.BankAccountTest" time="0.0"/>
  <testcase name="shouldHaveEmptyCheckDigitForBancoDoBrasil" classname="br.com.wirecard.desmond.bank.BankAccountTest" time="0.0"/>
  <testcase name="shouldHaveInvalidAgencyLengthForBancoDoBrasil" classname="br.com.wirecard.desmond.bank.BankAccountTest" time="0.0"/>
  <testcase name="shouldHaveInvalidAccountCheckNumberForBancoDoBrasil" classname="br.com.wirecard.desmond.bank.BankAccountTest" time="0.0"/>
  <testcase name="shouldHaveInvalidAgencyCheckNumberForBancoDoBrasil" classname="br.com.wirecard.desmond.bank.BankAccountTest" time="0.0"/>
  <system-out><![CDATA[]]></system-out>
  <system-err><![CDATA[]]></system-err>
</testsuite>
