<?xml version="1.0" encoding="UTF-8"?>
<testsuite name="br.com.wirecard.desmond.bank.generator.BancoDoBrasilGeneratorTest" tests="8" skipped="0" failures="0" errors="0" timestamp="2018-10-05T21:06:50" hostname="Lucas-Queiroz.local" time="0.003">
  <properties/>
  <testcase name="shouldReturnCorrectAgencyCheckDigitWhenNumberLengthIsTwo" classname="br.com.wirecard.desmond.bank.generator.BancoDoBrasilGeneratorTest" time="0.001"/>
  <testcase name="shouldReturnCorrectAccountCheckDigitWhenSubtractionIsEleven" classname="br.com.wirecard.desmond.bank.generator.BancoDoBrasilGeneratorTest" time="0.001"/>
  <testcase name="shouldReturnCorrectAgencyCheckDigitWhenSubtractionIsTen" classname="br.com.wirecard.desmond.bank.generator.BancoDoBrasilGeneratorTest" time="0.0"/>
  <testcase name="shouldReturnCorrectAgencyCheckDigit" classname="br.com.wirecard.desmond.bank.generator.BancoDoBrasilGeneratorTest" time="0.0"/>
  <testcase name="shouldReturnCorrectAccountCheckDigit" classname="br.com.wirecard.desmond.bank.generator.BancoDoBrasilGeneratorTest" time="0.0"/>
  <testcase name="shouldReturnCorrectAgencyCheckDigitWhenSubtractionIsEleven" classname="br.com.wirecard.desmond.bank.generator.BancoDoBrasilGeneratorTest" time="0.0"/>
  <testcase name="shouldReturnCorrectAccountCheckDigitWhenNumberLengthIsTwo" classname="br.com.wirecard.desmond.bank.generator.BancoDoBrasilGeneratorTest" time="0.0"/>
  <testcase name="shouldReturnCorrectAccountCheckDigitWhenSubtractionIsTen" classname="br.com.wirecard.desmond.bank.generator.BancoDoBrasilGeneratorTest" time="0.0"/>
  <system-out><![CDATA[]]></system-out>
  <system-err><![CDATA[]]></system-err>
</testsuite>
