<?xml version="1.0" encoding="UTF-8"?>
<testsuite name="br.com.wirecard.desmond.bank.validator.BancoDoBrasilValidatorTest" tests="12" skipped="0" failures="0" errors="0" timestamp="2018-10-05T21:06:50" hostname="Lucas-Queiroz.local" time="0.028">
  <properties/>
  <testcase name="shouldThrowCorrectExceptionWhenAgencyCheckDigitIsEmpty" classname="br.com.wirecard.desmond.bank.validator.BancoDoBrasilValidatorTest" time="0.006"/>
  <testcase name="shouldThrowCorrectExceptionWhenAgencyNumberHasInvalidLength" classname="br.com.wirecard.desmond.bank.validator.BancoDoBrasilValidatorTest" time="0.001"/>
  <testcase name="shouldHaveValidAccountCheckDigitWhenSubtractionIsTen" classname="br.com.wirecard.desmond.bank.validator.BancoDoBrasilValidatorTest" time="0.018"/>
  <testcase name="shouldThrowCorrectExceptionWhenAccountCheckDigitIsInvalid" classname="br.com.wirecard.desmond.bank.validator.BancoDoBrasilValidatorTest" time="0.001"/>
  <testcase name="shouldThrowCorrectExceptionWhenAgencyCheckDigitIsInvalid" classname="br.com.wirecard.desmond.bank.validator.BancoDoBrasilValidatorTest" time="0.0"/>
  <testcase name="shouldHaveValidAgencyCheckDigitWhenSubtractionIsTen" classname="br.com.wirecard.desmond.bank.validator.BancoDoBrasilValidatorTest" time="0.0"/>
  <testcase name="shouldHaveValidAgencyCheckDigit" classname="br.com.wirecard.desmond.bank.validator.BancoDoBrasilValidatorTest" time="0.0"/>
  <testcase name="shouldHaveValidAgencyCheckDigitWhenSubtractionIsEleven" classname="br.com.wirecard.desmond.bank.validator.BancoDoBrasilValidatorTest" time="0.0"/>
  <testcase name="shouldHaveValidAccountCheckDigit" classname="br.com.wirecard.desmond.bank.validator.BancoDoBrasilValidatorTest" time="0.0"/>
  <testcase name="shouldThrowCorrectExceptionWhenAccountCheckDigitIsEmpty" classname="br.com.wirecard.desmond.bank.validator.BancoDoBrasilValidatorTest" time="0.0"/>
  <testcase name="shouldThrowCorrectExceptionWhenAccountNumberHasInvalidLength" classname="br.com.wirecard.desmond.bank.validator.BancoDoBrasilValidatorTest" time="0.0"/>
  <testcase name="shouldHaveValidAccountCheckDigitWhenSubtractionIsEleven" classname="br.com.wirecard.desmond.bank.validator.BancoDoBrasilValidatorTest" time="0.0"/>
  <system-out><![CDATA[]]></system-out>
  <system-err><![CDATA[]]></system-err>
</testsuite>
