<?xml version="1.0" encoding="UTF-8"?>
<testsuite name="br.com.wirecard.desmond.helper.BankGeneratorHelperTest" tests="1" skipped="0" failures="0" errors="0" timestamp="2018-10-05T21:06:50" hostname="Lucas-Queiroz.local" time="0.0">
  <properties/>
  <testcase name="shouldReturnCorrectResultWhenMultiplyingByWeight" classname="br.com.wirecard.desmond.helper.BankGeneratorHelperTest" time="0.0"/>
  <system-out><![CDATA[]]></system-out>
  <system-err><![CDATA[]]></system-err>
</testsuite>
