<?xml version="1.0" encoding="utf-8"?>
<checkstyle version="8.0">
	<file name="src/test/kotlin/br/com/wirecard/desmond/bank/validator/BancoDoBrasilValidatorTest.kt">
		<error line="11" column="1" severity="error" message="Unused import" source="no-unused-imports" />
	</file>
</checkstyle>
